<?xml version="1.0" encoding="utf-8"?><testsuites name="pytest tests"><testsuite name="pytest" errors="0" failures="0" skipped="0" tests="13" time="2.050" timestamp="2026-07-25T22:36:29.062960+00:00" hostname="agent-env-ce80b38b-e8fb-41a1-9202-e2a084020227"><testcase classname="tests.test_security_and_api.TestHealth" name="test_api_root_public" time="0.164" /><testcase classname="tests.test_security_and_api.TestCORS" name="test_whitelisted_origin_receives_acao[https://hop-mobile-game.preview.emergentagent.com]" time="0.046" /><testcase classname="tests.test_security_and_api.TestCORS" name="test_whitelisted_origin_receives_acao[http://localhost:3000]" time="0.043" /><testcase classname="tests.test_security_and_api.TestCORS" name="test_whitelisted_origin_receives_acao[http://localhost:5173]" time="0.043" /><testcase classname="tests.test_security_and_api.TestCORS" name="test_whitelisted_origin_receives_acao[capacitor://localhost]" time="0.044" /><testcase classname="tests.test_security_and_api.TestHealth" name="test_api_root_local" time="0.002" /><testcase classname="tests.test_security_and_api.TestGitignore" name="test_backend_env_ignored" time="0.003" /><testcase classname="tests.test_security_and_api.TestGitignore" name="test_frontend_env_ignored" time="0.002" /><testcase classname="tests.test_security_and_api.TestStatusCRUD" name="test_create_and_list_status" time="0.167" /><testcase classname="tests.test_security_and_api.TestCORS" name="test_whitelisted_origin_receives_acao[http://localhost]" time="0.043" /><testcase classname="tests.test_security_and_api.TestCORS" name="test_evil_origin_does_not_receive_acao" time="0.043" /><testcase classname="tests.test_security_and_api.TestCORS" name="test_no_origin_no_acao" time="0.002" /><testcase classname="tests.test_security_and_api.TestGenerateAssetsEnvGuard" name="test_missing_emergent_llm_key_exits_cleanly" time="1.403" /></testsuite></testsuites>